<?xml version='1.0'?>
<ns2:test-suite xmlns:ns2='urn:model.allure.qatools.yandex.ru' start='1660436476239' stop='1660436491432'>
    <name>Username Test</name>
    <title>Username Test</title>
    <test-cases>
        <test-case start='1660436476240' status='passed' stop='1660436482374'>
            <name>open site</name>
            <title>open site</title>
            <labels>
                <label name='language' value='javascript'/>
                <label name='framework' value='wdio'/>
                <label name='thread' value='0-0'/>
            </labels>
            <parameters>
                <parameter kind='argument' name='browser' value='chrome-104.0.5112.81'/>
            </parameters>
            <steps/>
            <attachments>
                <attachment title='Screenshot' source='269b8580-da7f-42b4-9b9e-3a6449a50468-attachment.png' type='image/png' size='35812'/>
            </attachments>
        </test-case>
        <test-case start='1660436482375' status='passed' stop='1660436482572'>
            <name>verify Login Page Title</name>
            <title>verify Login Page Title</title>
            <labels>
                <label name='language' value='javascript'/>
                <label name='framework' value='wdio'/>
                <label name='thread' value='0-0'/>
            </labels>
            <parameters>
                <parameter kind='argument' name='browser' value='chrome-104.0.5112.81'/>
            </parameters>
            <steps/>
            <attachments>
                <attachment title='Screenshot' source='dd554915-8f54-49f4-949f-4c8ac55b3f34-attachment.png' type='image/png' size='35812'/>
            </attachments>
        </test-case>
        <test-case start='1660436482572' status='passed' stop='1660436486078'>
            <name>Enter username</name>
            <title>Enter username</title>
            <labels>
                <label name='language' value='javascript'/>
                <label name='framework' value='wdio'/>
                <label name='thread' value='0-0'/>
            </labels>
            <parameters>
                <parameter kind='argument' name='browser' value='chrome-104.0.5112.81'/>
            </parameters>
            <steps/>
            <attachments>
                <attachment title='Screenshot' source='04105ca5-8346-48e3-a54f-c7e64a93194b-attachment.png' type='image/png' size='40633'/>
            </attachments>
        </test-case>
        <test-case start='1660436486080' status='passed' stop='1660436488537'>
            <name>Enter Password</name>
            <title>Enter Password</title>
            <labels>
                <label name='language' value='javascript'/>
                <label name='framework' value='wdio'/>
                <label name='thread' value='0-0'/>
            </labels>
            <parameters>
                <parameter kind='argument' name='browser' value='chrome-104.0.5112.81'/>
            </parameters>
            <steps/>
            <attachments>
                <attachment title='Screenshot' source='c40f9aaa-c2a2-4baa-a73f-ca1ffb3cd307-attachment.png' type='image/png' size='41341'/>
            </attachments>
        </test-case>
        <test-case start='1660436488538' status='passed' stop='1660436490957'>
            <name>Click Login</name>
            <title>Click Login</title>
            <labels>
                <label name='language' value='javascript'/>
                <label name='framework' value='wdio'/>
                <label name='thread' value='0-0'/>
            </labels>
            <parameters>
                <parameter kind='argument' name='browser' value='chrome-104.0.5112.81'/>
            </parameters>
            <steps/>
            <attachments>
                <attachment title='Screenshot' source='8e4d8429-36b6-460b-b57c-141e184d3ab2-attachment.png' type='image/png' size='70143'/>
            </attachments>
        </test-case>
        <test-case start='1660436490958' status='failed' stop='1660436491216'>
            <name>Verify Logged In User</name>
            <title>Verify Logged In User</title>
            <labels>
                <label name='language' value='javascript'/>
                <label name='framework' value='wdio'/>
                <label name='thread' value='0-0'/>
            </labels>
            <parameters>
                <parameter kind='argument' name='browser' value='chrome-104.0.5112.81'/>
            </parameters>
            <steps/>
            <attachments>
                <attachment title='Screenshot' source='a86e6867-eda0-4793-8ebd-b225d4e1126a-attachment.png' type='image/png' size='70143'/>
            </attachments>
            <failure>
                <message>CompoundError: One or more errors occurred. ---
                
                    TypeError: Cannot read properties of undefined (reading 'isDevTools')
                        at HomePage.getLoggedInUser (C:\spice-pom\pages\home.page.js:9:31)
                        at HomePage.getUsersName (C:\spice-pom\pages\home.page.js:19:50)
                        at UserContext.&lt;anonymous> (C:\spice-pom\test\username.test.js:37:31)
                --- End of stack trace ---
                
                    TypeError: element.waitForDisplayed is not a function
                        at ElementUtils.doGetText (C:\spice-pom\utils\elementUtils.js:56:23)
                        at HomePage.getUsersName (C:\spice-pom\pages\home.page.js:19:35)
                        at UserContext.&lt;anonymous> (C:\spice-pom\test\username.test.js:37:31)
                --- End of stack trace ---
                </message>
                <stack-trace>Error: CompoundError: One or more errors occurred. ---
                
                    TypeError: Cannot read properties of undefined (reading 'isDevTools')
                        at HomePage.getLoggedInUser (C:\spice-pom\pages\home.page.js:9:31)
                        at HomePage.getUsersName (C:\spice-pom\pages\home.page.js:19:50)
                        at UserContext.&lt;anonymous> (C:\spice-pom\test\username.test.js:37:31)
                --- End of stack trace ---
                
                    TypeError: element.waitForDisplayed is not a function
                        at ElementUtils.doGetText (C:\spice-pom\utils\elementUtils.js:56:23)
                        at HomePage.getUsersName (C:\spice-pom\pages\home.page.js:19:35)
                        at UserContext.&lt;anonymous> (C:\spice-pom\test\username.test.js:37:31)
                --- End of stack trace ---
                
                    at getErrorFromFailedTest (C:\spice-pom\node_modules\@wdio\allure-reporter\build\utils.js:82:60)
                    at AllureReporter.onTestFail (C:\spice-pom\node_modules\@wdio\allure-reporter\build\index.js:217:73)
                    at AllureReporter.&lt;anonymous> (C:\spice-pom\node_modules\@wdio\reporter\build\index.js:121:18)
                    at AllureReporter.emit (node:events:527:28)
                    at AllureReporter.emit (node:domain:475:12)
                    at C:\spice-pom\node_modules\@wdio\runner\build\reporter.js:36:56
                    at Array.forEach (&lt;anonymous>)
                    at BaseReporter.emit (C:\spice-pom\node_modules\@wdio\runner\build\reporter.js:36:25)
                    at JasmineReporter.emit (C:\spice-pom\node_modules\@wdio\jasmine-framework\build\reporter.js:152:24)
                    at JasmineReporter.specDone (C:\spice-pom\node_modules\@wdio\jasmine-framework\build\reporter.js:85:14)</stack-trace>
            </failure>
        </test-case>
        <test-case start='1660436491230' status='failed' stop='1660436491428'>
            <name>Verify Logged In User Role</name>
            <title>Verify Logged In User Role</title>
            <labels>
                <label name='language' value='javascript'/>
                <label name='framework' value='wdio'/>
                <label name='thread' value='0-0'/>
            </labels>
            <parameters>
                <parameter kind='argument' name='browser' value='chrome-104.0.5112.81'/>
            </parameters>
            <steps/>
            <attachments>
                <attachment title='Screenshot' source='0268b9fd-1c16-40df-b191-ce50dc7bc68e-attachment.png' type='image/png' size='70143'/>
            </attachments>
            <failure>
                <message>CompoundError: One or more errors occurred. ---
                
                    TypeError: Cannot read properties of undefined (reading 'isDevTools')
                        at HomePage.getUserRole (C:\spice-pom\pages\home.page.js:10:27)
                        at HomePage.getRole (C:\spice-pom\pages\home.page.js:23:50)
                        at UserContext.&lt;anonymous> (C:\spice-pom\test\username.test.js:43:31)
                --- End of stack trace ---
                
                    TypeError: element.waitForDisplayed is not a function
                        at ElementUtils.doGetText (C:\spice-pom\utils\elementUtils.js:56:23)
                        at HomePage.getRole (C:\spice-pom\pages\home.page.js:23:35)
                        at UserContext.&lt;anonymous> (C:\spice-pom\test\username.test.js:43:31)
                --- End of stack trace ---
                </message>
                <stack-trace>Error: CompoundError: One or more errors occurred. ---
                
                    TypeError: Cannot read properties of undefined (reading 'isDevTools')
                        at HomePage.getUserRole (C:\spice-pom\pages\home.page.js:10:27)
                        at HomePage.getRole (C:\spice-pom\pages\home.page.js:23:50)
                        at UserContext.&lt;anonymous> (C:\spice-pom\test\username.test.js:43:31)
                --- End of stack trace ---
                
                    TypeError: element.waitForDisplayed is not a function
                        at ElementUtils.doGetText (C:\spice-pom\utils\elementUtils.js:56:23)
                        at HomePage.getRole (C:\spice-pom\pages\home.page.js:23:35)
                        at UserContext.&lt;anonymous> (C:\spice-pom\test\username.test.js:43:31)
                --- End of stack trace ---
                
                    at getErrorFromFailedTest (C:\spice-pom\node_modules\@wdio\allure-reporter\build\utils.js:82:60)
                    at AllureReporter.onTestFail (C:\spice-pom\node_modules\@wdio\allure-reporter\build\index.js:217:73)
                    at AllureReporter.&lt;anonymous> (C:\spice-pom\node_modules\@wdio\reporter\build\index.js:121:18)
                    at AllureReporter.emit (node:events:527:28)
                    at AllureReporter.emit (node:domain:475:12)
                    at C:\spice-pom\node_modules\@wdio\runner\build\reporter.js:36:56
                    at Array.forEach (&lt;anonymous>)
                    at BaseReporter.emit (C:\spice-pom\node_modules\@wdio\runner\build\reporter.js:36:25)
                    at JasmineReporter.emit (C:\spice-pom\node_modules\@wdio\jasmine-framework\build\reporter.js:152:24)
                    at JasmineReporter.specDone (C:\spice-pom\node_modules\@wdio\jasmine-framework\build\reporter.js:85:14)</stack-trace>
            </failure>
        </test-case>
    </test-cases>
</ns2:test-suite>